<?xml version="1.0" encoding="UTF-8"?>
<!-- Generated by org.testng.reporters.JUnitXMLReporter -->
<testsuite hostname="AFILT091" ignored="0" name="Test" tests="3" failures="0" timestamp="01 Aug 2020 15:19:09 GMT" time="38.262" errors="0">
  <testcase name="purchaseProduct" time="9.486" classname="testCases.GetQuote"/>
  <testcase name="purchaseProduct" time="8.194" classname="testCases.GetQuote"/>
  <testcase name="purchaseProduct" time="8.651" classname="testCases.GetQuote"/>
</testsuite> <!-- Test -->
