<?xml version="1.0" encoding="UTF-8"?>
<!-- Generated by org.testng.reporters.JUnitXMLReporter -->
<testsuite hostname="AFILT091" ignored="0" name="Test" tests="100" failures="0" timestamp="01 Aug 2020 19:47:24 GMT" time="1228.703" errors="0">
  <testcase name="purchaseProduct" time="8.819" classname="testCases.GetQuote"/>
  <testcase name="purchaseProduct" time="8.673" classname="testCases.GetQuote"/>
  <testcase name="purchaseProduct" time="8.341" classname="testCases.GetQuote"/>
  <testcase name="purchaseProduct" time="8.828" classname="testCases.GetQuote"/>
  <testcase name="purchaseProduct" time="8.744" classname="testCases.GetQuote"/>
  <testcase name="purchaseProduct" time="8.433" classname="testCases.GetQuote"/>
  <testcase name="purchaseProduct" time="8.263" classname="testCases.GetQuote"/>
  <testcase name="purchaseProduct" time="8.366" classname="testCases.GetQuote"/>
  <testcase name="purchaseProduct" time="8.331" classname="testCases.GetQuote"/>
  <testcase name="purchaseProduct" time="8.499" classname="testCases.GetQuote"/>
  <testcase name="purchaseProduct" time="8.763" classname="testCases.GetQuote"/>
  <testcase name="purchaseProduct" time="8.273" classname="testCases.GetQuote"/>
  <testcase name="purchaseProduct" time="8.324" classname="testCases.GetQuote"/>
  <testcase name="purchaseProduct" time="8.715" classname="testCases.GetQuote"/>
  <testcase name="purchaseProduct" time="8.52" classname="testCases.GetQuote"/>
  <testcase name="purchaseProduct" time="9.109" classname="testCases.GetQuote"/>
  <testcase name="purchaseProduct" time="8.412" classname="testCases.GetQuote"/>
  <testcase name="purchaseProduct" time="8.681" classname="testCases.GetQuote"/>
  <testcase name="purchaseProduct" time="8.393" classname="testCases.GetQuote"/>
  <testcase name="purchaseProduct" time="8.774" classname="testCases.GetQuote"/>
  <testcase name="purchaseProduct" time="8.617" classname="testCases.GetQuote"/>
  <testcase name="purchaseProduct" time="8.49" classname="testCases.GetQuote"/>
  <testcase name="purchaseProduct" time="8.329" classname="testCases.GetQuote"/>
  <testcase name="purchaseProduct" time="8.588" classname="testCases.GetQuote"/>
  <testcase name="purchaseProduct" time="8.587" classname="testCases.GetQuote"/>
  <testcase name="purchaseProduct" time="8.606" classname="testCases.GetQuote"/>
  <testcase name="purchaseProduct" time="8.946" classname="testCases.GetQuote"/>
  <testcase name="purchaseProduct" time="8.137" classname="testCases.GetQuote"/>
  <testcase name="purchaseProduct" time="9.817" classname="testCases.GetQuote"/>
  <testcase name="purchaseProduct" time="8.597" classname="testCases.GetQuote"/>
  <testcase name="purchaseProduct" time="9.506" classname="testCases.GetQuote"/>
  <testcase name="purchaseProduct" time="8.166" classname="testCases.GetQuote"/>
  <testcase name="purchaseProduct" time="8.325" classname="testCases.GetQuote"/>
  <testcase name="purchaseProduct" time="8.342" classname="testCases.GetQuote"/>
  <testcase name="purchaseProduct" time="8.388" classname="testCases.GetQuote"/>
  <testcase name="purchaseProduct" time="8.531" classname="testCases.GetQuote"/>
  <testcase name="purchaseProduct" time="8.289" classname="testCases.GetQuote"/>
  <testcase name="purchaseProduct" time="8.538" classname="testCases.GetQuote"/>
  <testcase name="purchaseProduct" time="8.335" classname="testCases.GetQuote"/>
  <testcase name="purchaseProduct" time="8.47" classname="testCases.GetQuote"/>
  <testcase name="purchaseProduct" time="8.89" classname="testCases.GetQuote"/>
  <testcase name="purchaseProduct" time="8.759" classname="testCases.GetQuote"/>
  <testcase name="purchaseProduct" time="8.524" classname="testCases.GetQuote"/>
  <testcase name="purchaseProduct" time="8.618" classname="testCases.GetQuote"/>
  <testcase name="purchaseProduct" time="8.314" classname="testCases.GetQuote"/>
  <testcase name="purchaseProduct" time="8.492" classname="testCases.GetQuote"/>
  <testcase name="purchaseProduct" time="9.203" classname="testCases.GetQuote"/>
  <testcase name="purchaseProduct" time="8.498" classname="testCases.GetQuote"/>
  <testcase name="purchaseProduct" time="8.335" classname="testCases.GetQuote"/>
  <testcase name="purchaseProduct" time="8.64" classname="testCases.GetQuote"/>
  <testcase name="purchaseProduct" time="8.896" classname="testCases.GetQuote"/>
  <testcase name="purchaseProduct" time="8.519" classname="testCases.GetQuote"/>
  <testcase name="purchaseProduct" time="8.313" classname="testCases.GetQuote"/>
  <testcase name="purchaseProduct" time="8.632" classname="testCases.GetQuote"/>
  <testcase name="purchaseProduct" time="8.428" classname="testCases.GetQuote"/>
  <testcase name="purchaseProduct" time="8.597" classname="testCases.GetQuote"/>
  <testcase name="purchaseProduct" time="8.513" classname="testCases.GetQuote"/>
  <testcase name="purchaseProduct" time="8.3" classname="testCases.GetQuote"/>
  <testcase name="purchaseProduct" time="8.465" classname="testCases.GetQuote"/>
  <testcase name="purchaseProduct" time="8.411" classname="testCases.GetQuote"/>
  <testcase name="purchaseProduct" time="8.168" classname="testCases.GetQuote"/>
  <testcase name="purchaseProduct" time="8.438" classname="testCases.GetQuote"/>
  <testcase name="purchaseProduct" time="8.503" classname="testCases.GetQuote"/>
  <testcase name="purchaseProduct" time="8.436" classname="testCases.GetQuote"/>
  <testcase name="purchaseProduct" time="8.589" classname="testCases.GetQuote"/>
  <testcase name="purchaseProduct" time="8.106" classname="testCases.GetQuote"/>
  <testcase name="purchaseProduct" time="8.952" classname="testCases.GetQuote"/>
  <testcase name="purchaseProduct" time="8.544" classname="testCases.GetQuote"/>
  <testcase name="purchaseProduct" time="8.814" classname="testCases.GetQuote"/>
  <testcase name="purchaseProduct" time="8.734" classname="testCases.GetQuote"/>
  <testcase name="purchaseProduct" time="8.466" classname="testCases.GetQuote"/>
  <testcase name="purchaseProduct" time="8.163" classname="testCases.GetQuote"/>
  <testcase name="purchaseProduct" time="8.402" classname="testCases.GetQuote"/>
  <testcase name="purchaseProduct" time="8.628" classname="testCases.GetQuote"/>
  <testcase name="purchaseProduct" time="8.049" classname="testCases.GetQuote"/>
  <testcase name="purchaseProduct" time="8.256" classname="testCases.GetQuote"/>
  <testcase name="purchaseProduct" time="8.51" classname="testCases.GetQuote"/>
  <testcase name="purchaseProduct" time="8.192" classname="testCases.GetQuote"/>
  <testcase name="purchaseProduct" time="8.424" classname="testCases.GetQuote"/>
  <testcase name="purchaseProduct" time="8.544" classname="testCases.GetQuote"/>
  <testcase name="purchaseProduct" time="8.278" classname="testCases.GetQuote"/>
  <testcase name="purchaseProduct" time="8.774" classname="testCases.GetQuote"/>
  <testcase name="purchaseProduct" time="8.11" classname="testCases.GetQuote"/>
  <testcase name="purchaseProduct" time="8.723" classname="testCases.GetQuote"/>
  <testcase name="purchaseProduct" time="8.938" classname="testCases.GetQuote"/>
  <testcase name="purchaseProduct" time="8.153" classname="testCases.GetQuote"/>
  <testcase name="purchaseProduct" time="9.47" classname="testCases.GetQuote"/>
  <testcase name="purchaseProduct" time="8.458" classname="testCases.GetQuote"/>
  <testcase name="purchaseProduct" time="8.231" classname="testCases.GetQuote"/>
  <testcase name="purchaseProduct" time="8.821" classname="testCases.GetQuote"/>
  <testcase name="purchaseProduct" time="8.283" classname="testCases.GetQuote"/>
  <testcase name="purchaseProduct" time="8.324" classname="testCases.GetQuote"/>
  <testcase name="purchaseProduct" time="8.251" classname="testCases.GetQuote"/>
  <testcase name="purchaseProduct" time="8.829" classname="testCases.GetQuote"/>
  <testcase name="purchaseProduct" time="8.712" classname="testCases.GetQuote"/>
  <testcase name="purchaseProduct" time="8.508" classname="testCases.GetQuote"/>
  <testcase name="purchaseProduct" time="8.674" classname="testCases.GetQuote"/>
  <testcase name="purchaseProduct" time="8.614" classname="testCases.GetQuote"/>
  <testcase name="purchaseProduct" time="8.575" classname="testCases.GetQuote"/>
  <testcase name="purchaseProduct" time="8.75" classname="testCases.GetQuote"/>
</testsuite> <!-- Test -->
