<?xml version="1.0" encoding="UTF-8"?>
<!-- Generated by org.testng.reporters.JUnitXMLReporter -->
<testsuite hostname="AFILT091" ignored="0" name="Default test" tests="10" failures="0" timestamp="01 Aug 2020 15:13:14 GMT" time="124.213" errors="0">
  <testcase name="purchaseProduct" time="9.125" classname="testCases.GetQuote"/>
  <testcase name="purchaseProduct" time="8.267" classname="testCases.GetQuote"/>
  <testcase name="purchaseProduct" time="8.519" classname="testCases.GetQuote"/>
  <testcase name="purchaseProduct" time="8.672" classname="testCases.GetQuote"/>
  <testcase name="purchaseProduct" time="9.156" classname="testCases.GetQuote"/>
  <testcase name="purchaseProduct" time="8.427" classname="testCases.GetQuote"/>
  <testcase name="purchaseProduct" time="8.404" classname="testCases.GetQuote"/>
  <testcase name="purchaseProduct" time="8.598" classname="testCases.GetQuote"/>
  <testcase name="purchaseProduct" time="8.425" classname="testCases.GetQuote"/>
  <testcase name="purchaseProduct" time="8.171" classname="testCases.GetQuote"/>
</testsuite> <!-- Default test -->
